2017-07-23 02:25:41,953 INFO  [NewTest] ########	Browser Open	############# 
2017-07-23 02:25:44,656 INFO  [NewTest] ########	Navigate to http://www.demo.guru99.com/V4/ website	############# 
2017-07-23 02:25:48,020 INFO  [NewTest] ########	Browser Open	############# 
2017-07-23 02:25:50,397 INFO  [NewTest] ########	Navigate to http://www.demo.guru99.com/V4/ website	############# 
2017-07-23 02:25:53,665 INFO  [NewTest] ########	Browser Open	############# 
2017-07-23 02:25:56,060 INFO  [NewTest] ########	Navigate to http://www.demo.guru99.com/V4/ website	############# 
2017-07-23 02:25:56,192 INFO  [NewTest] ########	Enter UserName as mngr86807 website	############# 
2017-07-23 02:25:56,267 INFO  [NewTest] ########	Enter UserName as UrUbApE website	############# 
2017-07-23 02:26:01,351 INFO  [NewTest] ########	Clicked on Login Button	############# 
2017-07-23 02:26:06,433 INFO  [NewTest] ########	Clicked on Logout Button	############# 
2017-07-23 02:26:06,550 INFO  [NewTest] ########	Enter UserName as mngr86807 website	############# 
2017-07-23 02:26:06,604 INFO  [NewTest] ########	Enter UserName as UrUbApE website	############# 
2017-07-23 02:26:11,679 INFO  [NewTest] ########	Clicked on Login Button	############# 
2017-07-23 02:26:16,745 INFO  [NewTest] ########	Clicked on Logout Button	############# 
2017-07-23 02:26:16,854 INFO  [NewTest] ########	Enter UserName as mngr86807 website	############# 
2017-07-23 02:26:16,901 INFO  [NewTest] ########	Enter UserName as UrUbApE website	############# 
2017-07-23 02:26:21,983 INFO  [NewTest] ########	Clicked on Login Button	############# 
2017-07-23 02:26:27,061 INFO  [NewTest] ########	Clicked on Logout Button	############# 
2017-07-23 02:26:32,174 INFO  [NewTest] ########	Enter UserName as mngr86807 website	############# 
2017-07-23 02:26:32,209 INFO  [NewTest] ########	Enter UserName as UrUbApE website	############# 
2017-07-23 02:26:37,243 INFO  [NewTest] ########	Clicked on Login Button	############# 
2017-07-23 02:26:42,331 INFO  [NewTest] ########	Clicked on Logout Button	############# 
2017-07-23 02:32:22,378 INFO  [NewTest] ########	Browser Open	############# 
2017-07-23 02:32:24,719 INFO  [NewTest] ########	Navigate to http://www.demo.guru99.com/V4/ website	############# 
2017-07-23 02:32:28,413 INFO  [NewTest] ########	Browser Open	############# 
2017-07-23 02:32:30,762 INFO  [NewTest] ########	Navigate to http://www.demo.guru99.com/V4/ website	############# 
2017-07-23 02:32:34,346 INFO  [NewTest] ########	Browser Open	############# 
2017-07-23 02:32:36,939 INFO  [NewTest] ########	Navigate to http://www.demo.guru99.com/V4/ website	############# 
2017-07-23 02:32:37,064 INFO  [NewTest] ########	Enter UserName as mngr86807 website	############# 
2017-07-23 02:32:37,132 INFO  [NewTest] ########	Enter UserName as UrUbApE website	############# 
2017-07-23 02:32:42,230 INFO  [NewTest] ########	Clicked on Login Button	############# 
2017-07-23 02:32:47,287 INFO  [NewTest] ########	Clicked on Logout Button	############# 
2017-07-23 02:32:47,371 INFO  [NewTest] ########	Enter UserName as mngr86807 website	############# 
2017-07-23 02:32:47,418 INFO  [NewTest] ########	Enter UserName as UrUbApE website	############# 
2017-07-23 02:32:52,501 INFO  [NewTest] ########	Clicked on Login Button	############# 
2017-07-23 02:32:57,565 INFO  [NewTest] ########	Clicked on Logout Button	############# 
2017-07-23 02:32:57,664 INFO  [NewTest] ########	Enter UserName as mngr86807 website	############# 
2017-07-23 02:32:57,710 INFO  [NewTest] ########	Enter UserName as UrUbApE website	############# 
2017-07-23 02:33:02,793 INFO  [NewTest] ########	Clicked on Login Button	############# 
2017-07-23 02:33:07,846 INFO  [NewTest] ########	Clicked on Logout Button	############# 
2017-07-23 02:33:12,948 INFO  [NewTest] ########	Enter UserName as mngr86807 website	############# 
2017-07-23 02:33:12,993 INFO  [NewTest] ########	Enter UserName as UrUbApE website	############# 
2017-07-23 02:33:18,029 INFO  [NewTest] ########	Clicked on Login Button	############# 
2017-07-23 02:33:23,087 INFO  [NewTest] ########	Clicked on Logout Button	############# 
2017-07-23 02:43:56,856 INFO  [NewTest] ########	Browser Open	############# 
2017-07-23 02:45:14,342 INFO  [NewTest] ########	Browser Open	############# 
2017-07-23 02:46:11,845 INFO  [NewTest] ########	Browser Open	############# 
2017-07-23 02:48:40,258 INFO  [NewTest] ########	Browser Open	############# 
2017-07-23 02:50:39,119 INFO  [NewTest] ########	Browser Open	############# 
2017-07-23 02:50:42,195 INFO  [NewTest] ########	Navigate to http://www.demo.guru99.com/V4/ website	############# 
2017-07-23 02:50:42,287 INFO  [NewTest] ########	Enter UserName as mngr86807 website	############# 
2017-07-23 02:50:42,347 INFO  [NewTest] ########	Enter UserName as UrUbApE website	############# 
2017-07-23 02:50:47,436 INFO  [NewTest] ########	Clicked on Login Button	############# 
2017-07-23 02:50:52,491 INFO  [NewTest] ########	Clicked on Logout Button	############# 
2017-07-23 02:51:43,001 INFO  [NewTest] ########	Browser Open	############# 
2017-07-23 02:51:45,526 INFO  [NewTest] ########	Navigate to http://www.demo.guru99.com/V4/ website	############# 
2017-07-23 02:51:49,068 INFO  [NewTest] ########	Browser Open	############# 
2017-07-23 02:51:52,227 INFO  [NewTest] ########	Navigate to http://www.demo.guru99.com/V4/ website	############# 
2017-07-23 02:51:55,807 INFO  [NewTest] ########	Browser Open	############# 
2017-07-23 02:52:01,069 INFO  [NewTest] ########	Navigate to http://www.demo.guru99.com/V4/ website	############# 
2017-07-23 02:52:01,173 INFO  [NewTest] ########	Enter UserName as mngr86807 website	############# 
2017-07-23 02:52:01,224 INFO  [NewTest] ########	Enter UserName as UrUbApE website	############# 
2017-07-23 02:52:06,308 INFO  [NewTest] ########	Clicked on Login Button	############# 
2017-07-23 02:52:11,359 INFO  [NewTest] ########	Clicked on Logout Button	############# 
2017-07-23 02:52:11,459 INFO  [NewTest] ########	Enter UserName as mngr86807 website	############# 
2017-07-23 02:52:11,508 INFO  [NewTest] ########	Enter UserName as UrUbApE website	############# 
2017-07-23 02:52:16,589 INFO  [NewTest] ########	Clicked on Login Button	############# 
2017-07-23 02:52:21,650 INFO  [NewTest] ########	Clicked on Logout Button	############# 
2017-07-23 02:52:21,744 INFO  [NewTest] ########	Enter UserName as mngr86807 website	############# 
2017-07-23 02:52:21,794 INFO  [NewTest] ########	Enter UserName as UrUbApE website	############# 
2017-07-23 02:52:26,874 INFO  [NewTest] ########	Clicked on Login Button	############# 
2017-07-23 02:52:31,924 INFO  [NewTest] ########	Clicked on Logout Button	############# 
2017-07-23 02:52:37,013 INFO  [NewTest] ########	Enter UserName as mngr86807 website	############# 
2017-07-23 02:52:37,063 INFO  [NewTest] ########	Enter UserName as UrUbApE website	############# 
2017-07-23 02:52:42,098 INFO  [NewTest] ########	Clicked on Login Button	############# 
2017-07-23 02:52:47,168 INFO  [NewTest] ########	Clicked on Logout Button	############# 
2017-07-23 02:54:49,032 INFO  [NewTest] ########	Browser Open	############# 
2017-07-23 02:54:52,094 INFO  [NewTest] ########	Navigate to http://www.demo.guru99.com/V4/ website	############# 
2017-07-23 02:54:55,667 INFO  [NewTest] ########	Browser Open	############# 
2017-07-23 02:54:58,077 INFO  [NewTest] ########	Navigate to http://www.demo.guru99.com/V4/ website	############# 
2017-07-23 02:55:01,657 INFO  [NewTest] ########	Browser Open	############# 
2017-07-23 02:55:06,512 INFO  [NewTest] ########	Navigate to http://www.demo.guru99.com/V4/ website	############# 
2017-07-23 02:55:06,617 INFO  [NewTest] ########	Enter UserName as mngr86807 website	############# 
2017-07-23 02:55:06,663 INFO  [NewTest] ########	Enter UserName as UrUbApE website	############# 
2017-07-23 02:55:11,760 INFO  [NewTest] ########	Clicked on Login Button	############# 
2017-07-23 02:55:16,828 INFO  [NewTest] ########	Clicked on Logout Button	############# 
2017-07-23 02:55:16,931 INFO  [NewTest] ########	Enter UserName as mngr86807 website	############# 
2017-07-23 02:55:17,003 INFO  [NewTest] ########	Enter UserName as UrUbApE website	############# 
2017-07-23 02:55:22,093 INFO  [NewTest] ########	Clicked on Login Button	############# 
2017-07-23 02:55:27,179 INFO  [NewTest] ########	Clicked on Logout Button	############# 
2017-07-23 02:55:27,278 INFO  [NewTest] ########	Enter UserName as mngr86807 website	############# 
2017-07-23 02:55:27,324 INFO  [NewTest] ########	Enter UserName as UrUbApE website	############# 
2017-07-23 02:55:32,406 INFO  [NewTest] ########	Clicked on Login Button	############# 
2017-07-23 02:55:37,452 INFO  [NewTest] ########	Clicked on Logout Button	############# 
2017-07-23 02:55:42,542 INFO  [NewTest] ########	Enter UserName as mngr86807 website	############# 
2017-07-23 02:55:42,592 INFO  [NewTest] ########	Enter UserName as UrUbApE website	############# 
2017-07-23 02:55:47,626 INFO  [NewTest] ########	Clicked on Login Button	############# 
2017-07-23 02:55:52,682 INFO  [NewTest] ########	Clicked on Logout Button	############# 
2017-07-23 02:57:28,633 INFO  [NewTest] ########	Browser Open	############# 
2017-07-23 02:57:31,097 INFO  [NewTest] ########	Navigate to http://www.demo.guru99.com/V4/ website	############# 
2017-07-23 02:57:34,685 INFO  [NewTest] ########	Browser Open	############# 
2017-07-23 02:57:37,100 INFO  [NewTest] ########	Navigate to http://www.demo.guru99.com/V4/ website	############# 
2017-07-23 02:57:37,220 INFO  [NewTest] ########	Enter UserName as mngr86807 website	############# 
2017-07-23 02:57:37,280 INFO  [NewTest] ########	Enter UserName as UrUbApE website	############# 
2017-07-23 02:57:42,369 INFO  [NewTest] ########	Clicked on Login Button	############# 
2017-07-23 02:57:47,422 INFO  [NewTest] ########	Clicked on Logout Button	############# 
2017-07-23 02:57:47,515 INFO  [NewTest] ########	Enter UserName as mngr86807 website	############# 
2017-07-23 02:57:47,572 INFO  [NewTest] ########	Enter UserName as UrUbApE website	############# 
2017-07-23 02:57:52,649 INFO  [NewTest] ########	Clicked on Login Button	############# 
2017-07-23 02:57:57,776 INFO  [NewTest] ########	Clicked on Logout Button	############# 
2017-07-23 02:58:01,420 INFO  [NewTest] ########	Browser Open	############# 
2017-07-23 02:58:07,535 INFO  [NewTest] ########	Navigate to http://www.demo.guru99.com/V4/ website	############# 
2017-07-23 02:58:07,621 INFO  [NewTest] ########	Enter UserName as mngr86807 website	############# 
2017-07-23 02:58:07,678 INFO  [NewTest] ########	Enter UserName as UrUbApE website	############# 
2017-07-23 02:58:12,756 INFO  [NewTest] ########	Clicked on Login Button	############# 
2017-07-23 02:58:17,843 INFO  [NewTest] ########	Clicked on Logout Button	############# 
2017-07-23 02:58:28,813 INFO  [NewTest] ########	Browser Open	############# 
2017-07-23 02:58:31,189 INFO  [NewTest] ########	Navigate to http://www.demo.guru99.com/V4/ website	############# 
2017-07-23 02:58:31,311 INFO  [NewTest] ########	Enter UserName as mngr86807 website	############# 
2017-07-23 02:58:31,368 INFO  [NewTest] ########	Enter UserName as UrUbApE website	############# 
2017-07-23 02:58:36,459 INFO  [NewTest] ########	Clicked on Login Button	############# 
2017-07-23 02:58:41,536 INFO  [NewTest] ########	Clicked on Logout Button	############# 
2017-07-23 03:01:58,582 INFO  [NewTest] ########	Browser Open	############# 
2017-07-23 03:02:02,056 INFO  [NewTest] ########	Navigate to http://www.demo.guru99.com/V4/ website	############# 
2017-07-23 03:02:05,717 INFO  [NewTest] ########	Browser Open	############# 
2017-07-23 03:02:08,674 INFO  [NewTest] ########	Navigate to http://www.demo.guru99.com/V4/ website	############# 
2017-07-23 03:02:08,795 INFO  [NewTest] ########	Enter UserName as mngr86807 website	############# 
2017-07-23 03:02:08,850 INFO  [NewTest] ########	Enter UserName as UrUbApE website	############# 
2017-07-23 03:02:13,936 INFO  [NewTest] ########	Clicked on Login Button	############# 
2017-07-23 03:02:19,038 INFO  [NewTest] ########	Clicked on Logout Button	############# 
2017-07-23 03:02:19,151 INFO  [NewTest] ########	Enter UserName as mngr86807 website	############# 
2017-07-23 03:02:19,199 INFO  [NewTest] ########	Enter UserName as UrUbApE website	############# 
2017-07-23 03:02:24,287 INFO  [NewTest] ########	Clicked on Login Button	############# 
2017-07-23 03:02:29,367 INFO  [NewTest] ########	Clicked on Logout Button	############# 
2017-07-23 03:02:33,099 INFO  [NewTest] ########	Browser Open	############# 
2017-07-23 03:02:41,597 INFO  [NewTest] ########	Clicked on Login Button	############# 
2017-07-23 03:02:46,654 INFO  [NewTest] ########	Clicked on Logout Button	############# 
2017-07-23 03:02:52,249 INFO  [NewTest] ########	Browser Open	############# 
2017-07-23 03:03:01,053 INFO  [NewTest] ########	Clicked on Login Button	############# 
2017-07-23 03:03:06,119 INFO  [NewTest] ########	Clicked on Logout Button	############# 
2017-07-23 03:03:48,955 INFO  [NewTest] ########	Browser Open	############# 
2017-07-23 03:03:51,650 INFO  [NewTest] ########	Navigate to http://www.demo.guru99.com/V4/ website	############# 
2017-07-23 03:03:55,551 INFO  [NewTest] ########	Browser Open	############# 
2017-07-23 03:04:23,409 INFO  [NewTest] ########	Navigate to http://www.demo.guru99.com/V4/ website	############# 
2017-07-23 03:04:23,542 INFO  [NewTest] ########	Enter UserName as mngr86807 website	############# 
2017-07-23 03:04:23,592 INFO  [NewTest] ########	Enter UserName as UrUbApE website	############# 
2017-07-23 03:04:28,673 INFO  [NewTest] ########	Clicked on Login Button	############# 
2017-07-23 03:04:33,733 INFO  [NewTest] ########	Clicked on Logout Button	############# 
2017-07-23 03:04:33,853 INFO  [NewTest] ########	Enter UserName as mngr86807 website	############# 
2017-07-23 03:04:33,903 INFO  [NewTest] ########	Enter UserName as UrUbApE website	############# 
2017-07-23 03:04:38,997 INFO  [NewTest] ########	Clicked on Login Button	############# 
2017-07-23 03:04:44,089 INFO  [NewTest] ########	Clicked on Logout Button	############# 
2017-07-23 03:05:19,873 INFO  [NewTest] ########	Browser Open	############# 
2017-07-23 03:05:22,235 INFO  [NewTest] ########	Navigate to http://www.demo.guru99.com/V4/ website	############# 
2017-07-23 03:05:25,937 INFO  [NewTest] ########	Browser Open	############# 
2017-07-23 03:05:29,821 INFO  [NewTest] ########	Navigate to http://www.demo.guru99.com/V4/ website	############# 
2017-07-23 03:05:29,950 INFO  [NewTest] ########	Enter UserName as mngr86807 website	############# 
2017-07-23 03:05:30,011 INFO  [NewTest] ########	Enter UserName as UrUbApE website	############# 
2017-07-23 03:05:35,097 INFO  [NewTest] ########	Clicked on Login Button	############# 
2017-07-23 03:05:40,182 INFO  [NewTest] ########	Clicked on Logout Button	############# 
2017-07-23 03:05:40,288 INFO  [NewTest] ########	Enter UserName as mngr86807 website	############# 
2017-07-23 03:05:40,340 INFO  [NewTest] ########	Enter UserName as UrUbApE website	############# 
2017-07-23 03:05:45,442 INFO  [NewTest] ########	Clicked on Login Button	############# 
2017-07-23 03:05:50,515 INFO  [NewTest] ########	Clicked on Logout Button	############# 
2017-07-23 03:07:05,827 INFO  [NewTest] ########	Browser Open	############# 
2017-07-23 03:07:09,007 INFO  [NewTest] ########	Navigate to http://www.demo.guru99.com/V4/ website	############# 
2017-07-23 03:07:09,166 INFO  [NewTest] ########	Enter UserName as mngr86807 website	############# 
2017-07-23 03:07:09,213 INFO  [NewTest] ########	Enter UserName as UrUbApE website	############# 
2017-07-23 03:07:14,286 INFO  [NewTest] ########	Clicked on Login Button	############# 
2017-07-23 03:07:19,367 INFO  [NewTest] ########	Clicked on Logout Button	############# 
2017-07-23 03:22:38,331 INFO  [NewTest] ########	Browser Open	############# 
2017-07-23 03:22:40,959 INFO  [NewTest] ########	Navigate to http:\\www.demo.guru99.com\\V4\\ website	############# 
2017-07-23 03:22:41,086 INFO  [NewTest] ########	Enter UserName as mngr86807 website	############# 
2017-07-23 03:22:41,192 INFO  [NewTest] ########	Enter UserName as UrUbApE website	############# 
2017-07-23 03:23:23,064 INFO  [NewTest] ########	Clicked on Login Button	############# 
2017-07-23 03:23:37,302 INFO  [NewTest] ########	Clicked on Logout Button	############# 
2017-07-23 03:25:56,531 INFO  [NewTest] ########	Browser Open	############# 
2017-07-23 03:25:59,606 INFO  [NewTest] ########	Navigate to http:\\www.demo.guru99.com\\V4\\ website	############# 
2017-07-23 03:25:59,725 INFO  [NewTest] ########	Enter UserName as mngr86807 website	############# 
2017-07-23 03:25:59,781 INFO  [NewTest] ########	Enter UserName as UrUbApE website	############# 
2017-07-23 03:26:04,859 INFO  [NewTest] ########	Clicked on Login Button	############# 
2017-07-23 03:26:09,977 INFO  [NewTest] ########	Clicked on Logout Button	############# 
2017-07-23 03:26:35,492 INFO  [NewTest] ########	Browser Open	############# 
2017-07-23 03:26:42,689 INFO  [NewTest] ########	Navigate to http:\\www.demo.guru99.com\\V4\\ website	############# 
2017-07-23 03:26:42,796 INFO  [NewTest] ########	Enter UserName as mngr86807 website	############# 
2017-07-23 03:26:42,846 INFO  [NewTest] ########	Enter UserName as UrUbApE website	############# 
2017-07-23 03:32:43,224 INFO  [NewTest] ########	Clicked on Login Button	############# 
2017-07-23 03:32:48,486 INFO  [NewTest] ########	Clicked on Logout Button	############# 
2017-07-23 03:37:07,372 INFO  [NewTest] ########	Browser Open	############# 
2017-07-23 03:37:09,573 INFO  [NewTest] ########	Navigate to http:\\www.demo.guru99.com\\V4\\ website	############# 
2017-07-23 03:37:09,699 INFO  [NewTest] ########	Enter UserName as mngr86807 website	############# 
2017-07-23 03:37:09,766 INFO  [NewTest] ########	Enter UserName as UrUbApE website	############# 
2017-07-23 03:39:03,516 INFO  [NewTest] ########	Browser Open	############# 
2017-07-23 03:39:06,086 INFO  [NewTest] ########	Navigate to http:\\www.demo.guru99.com\\V4\\ website	############# 
2017-07-23 03:39:06,190 INFO  [NewTest] ########	Enter UserName as mngr86807 website	############# 
2017-07-23 03:39:06,241 INFO  [NewTest] ########	Enter UserName as UrUbApE website	############# 
2017-07-23 03:39:11,316 INFO  [NewTest] ########	Clicked on Login Button	############# 
2017-07-23 03:39:16,390 INFO  [NewTest] ########	Clicked on Logout Button	############# 
2017-07-23 03:39:36,208 INFO  [NewTest] ########	Browser Open	############# 
2017-07-23 03:39:38,504 INFO  [NewTest] ########	Navigate to http:\\www.demo.guru99.com\\V4\\ website	############# 
2017-07-23 03:39:38,616 INFO  [NewTest] ########	Enter UserName as mngr86807 website	############# 
2017-07-23 03:39:38,684 INFO  [NewTest] ########	Enter UserName as UrUbApE website	############# 
2017-07-23 03:44:26,986 INFO  [NewTest] ########	Browser Open	############# 
2017-07-23 03:44:29,115 INFO  [NewTest] ########	Navigate to http:\\www.demo.guru99.com\V4\ website	############# 
2017-07-23 03:44:29,249 INFO  [NewTest] ########	Enter UserName as mngr86807 website	############# 
2017-07-23 03:44:29,309 INFO  [NewTest] ########	Enter UserName as UrUbApE website	############# 
2017-07-23 03:46:46,205 INFO  [NewTest] ########	Browser Open	############# 
2017-07-23 03:46:48,330 INFO  [NewTest] ########	Navigate to http:\\www.demo.guru99.com\V4\ website	############# 
2017-07-23 03:46:48,459 INFO  [NewTest] ########	Enter UserName as mngr86807 website	############# 
2017-07-23 03:46:48,518 INFO  [NewTest] ########	Enter UserName as UrUbApE website	############# 
2017-07-23 03:49:29,666 INFO  [NewTest] ########	Browser Open	############# 
2017-07-23 03:50:38,367 INFO  [NewTest] ########	Navigate to http:\\www.demo.guru99.com\V4\ website	############# 
2017-07-23 03:50:38,492 INFO  [NewTest] ########	Enter UserName as mngr86807 website	############# 
2017-07-23 03:50:38,545 INFO  [NewTest] ########	Enter UserName as UrUbApE website	############# 
2017-07-23 03:51:30,033 INFO  [NewTest] ########	Clicked on Login Button	############# 
2017-07-23 03:51:41,826 INFO  [NewTest] ########	Clicked on Logout Button	############# 
2017-07-23 03:53:00,052 INFO  [NewTest] ########	Browser Open	############# 
2017-07-23 03:53:02,367 INFO  [NewTest] ########	Navigate to http:\\www.demo.guru99.com\V4\ website	############# 
2017-07-23 03:53:02,479 INFO  [NewTest] ########	Enter UserName as mngr86807 website	############# 
2017-07-23 03:53:02,555 INFO  [NewTest] ########	Enter UserName as UrUbApE website	############# 
2017-07-23 03:53:12,640 INFO  [NewTest] ########	Clicked on Login Button	############# 
2017-07-23 03:53:17,730 INFO  [NewTest] ########	Clicked on Logout Button	############# 
2017-07-23 11:25:52,063 INFO  [NewTest] ########	Browser Open	############# 
2017-07-23 11:25:56,093 INFO  [NewTest] ########	Navigate to http:\\www.demo.guru99.com\V4\ website	############# 
2017-07-23 11:25:56,194 INFO  [NewTest] ########	Enter UserName as mngr86807 website	############# 
2017-07-23 11:25:56,250 INFO  [NewTest] ########	Enter UserName as UrUbApE website	############# 
2017-07-23 11:26:38,602 INFO  [NewTest] ########	Clicked on Login Button	############# 
2017-07-23 11:26:48,334 INFO  [NewTest] ########	Clicked on Logout Button	############# 
2017-07-23 11:31:11,770 INFO  [NewTest] ########	Browser Open	############# 
2017-07-23 11:31:16,695 INFO  [NewTest] ########	Navigate to http:\\www.demo.guru99.com\V4\ website	############# 
2017-07-23 11:31:16,883 INFO  [NewTest] ########	Enter UserName as mngr86807 website	############# 
2017-07-23 11:31:16,977 INFO  [NewTest] ########	Enter UserName as UrUbApE website	############# 
2017-07-23 11:31:27,174 INFO  [NewTest] ########	Clicked on Login Button	############# 
2017-07-23 11:31:32,328 INFO  [NewTest] ########	Clicked on Logout Button	############# 
2017-07-23 11:32:02,403 INFO  [NewTest] ########	Browser Open	############# 
2017-07-23 11:33:14,237 INFO  [NewTest] ########	Browser Open	############# 
2017-07-23 11:33:19,170 INFO  [NewTest] ########	Navigate to http://www.demo.guru99.com/V4/ website	############# 
2017-07-23 11:33:19,273 INFO  [NewTest] ########	Enter UserName as mngr86807 website	############# 
2017-07-23 11:33:19,326 INFO  [NewTest] ########	Enter UserName as UrUbApE website	############# 
2017-07-23 11:33:24,404 INFO  [NewTest] ########	Clicked on Login Button	############# 
2017-07-23 11:33:29,527 INFO  [NewTest] ########	Clicked on Logout Button	############# 
2017-07-23 11:35:29,100 INFO  [NewTest] ########	Browser Open	############# 
2017-07-23 11:37:40,100 INFO  [NewTest] ########	Browser Open	############# 
2017-07-23 11:37:43,938 INFO  [NewTest] ########	Navigate to http://www.demo.guru99.com/V4/ website	############# 
2017-07-23 11:37:44,104 INFO  [NewTest] ########	Enter UserName as mngr86807 website	############# 
2017-07-23 11:37:44,166 INFO  [NewTest] ########	Enter UserName as UrUbApE website	############# 
2017-07-23 11:37:49,242 INFO  [NewTest] ########	Clicked on Login Button	############# 
2017-07-23 11:37:54,376 INFO  [NewTest] ########	Clicked on Logout Button	############# 
2017-07-23 11:38:54,087 INFO  [NewTest] ########	Browser Open	############# 
2017-07-23 11:40:22,211 INFO  [NewTest] ########	Browser Open	############# 
2017-07-23 11:40:58,307 INFO  [NewTest] ########	Navigate to https:\\www.demo.guru99.com\V4\ website	############# 
2017-07-23 11:41:38,508 INFO  [NewTest] ########	Browser Open	############# 
2017-07-23 11:44:20,779 INFO  [NewTest] ########	Browser Open	############# 
2017-07-23 11:45:44,668 INFO  [NewTest] ########	Browser Open	############# 
2017-07-23 11:48:12,539 INFO  [NewTest] ########	Browser Open	############# 
2017-07-23 11:48:15,536 INFO  [NewTest] ########	Navigate to http://www.demo.guru99.com/V4/ website	############# 
2017-07-23 11:48:15,689 INFO  [NewTest] ########	Enter UserName as mngr86807 website	############# 
2017-07-23 11:48:15,779 INFO  [NewTest] ########	Enter UserName as UrUbApE website	############# 
2017-07-23 11:48:20,888 INFO  [NewTest] ########	Clicked on Login Button	############# 
2017-07-23 11:49:52,169 INFO  [NewTest] ########	Browser Open	############# 
2017-07-23 11:49:54,626 INFO  [NewTest] ########	Navigate to http://www.demo.guru99.com/V4/ website	############# 
2017-07-23 11:49:54,735 INFO  [NewTest] ########	Enter UserName as mngr86807 website	############# 
2017-07-23 11:49:54,815 INFO  [NewTest] ########	Enter UserName as UrUbApE website	############# 
2017-07-23 11:49:59,897 INFO  [NewTest] ########	Clicked on Login Button	############# 
2017-07-23 11:50:05,025 INFO  [NewTest] ########	Clicked on Logout Button	############# 
2017-07-23 11:54:19,544 INFO  [NewTest] ########	Browser Open	############# 
2017-07-23 11:55:32,113 INFO  [NewTest] ########	Browser Open	############# 
2017-07-23 11:55:35,049 INFO  [NewTest] ########	Navigate to http://www.demo.guru99.com/V4/ website	############# 
2017-07-23 11:55:35,156 INFO  [NewTest] ########	Enter UserName as mngr86807 website	############# 
2017-07-23 11:55:35,204 INFO  [NewTest] ########	Enter UserName as UrUbApE website	############# 
2017-07-23 11:55:40,280 INFO  [NewTest] ########	Clicked on Login Button	############# 
2017-07-23 11:55:45,408 INFO  [NewTest] ########	Clicked on Logout Button	############# 
2017-07-23 11:57:02,520 INFO  [NewTest] ########	Browser Open	############# 
2017-07-23 11:57:35,538 INFO  [NewTest] ########	Navigate to https:\\www.demo.guru99.com\V4\ website	############# 
2017-07-23 11:57:35,701 INFO  [NewTest] ########	Enter UserName as mngr86807 website	############# 
2017-07-23 11:57:35,807 INFO  [NewTest] ########	Enter UserName as UrUbApE website	############# 
2017-07-23 11:57:49,398 INFO  [NewTest] ########	Clicked on Login Button	############# 
2017-07-23 11:57:55,995 INFO  [NewTest] ########	Clicked on Logout Button	############# 
2017-07-23 11:58:17,781 INFO  [NewTest] ########	Browser Open	############# 
2017-07-23 11:58:20,951 INFO  [NewTest] ########	Navigate to http:\\www.demo.guru99.com\V4\ website	############# 
2017-07-23 11:58:21,071 INFO  [NewTest] ########	Enter UserName as mngr86807 website	############# 
2017-07-23 11:58:21,154 INFO  [NewTest] ########	Enter UserName as UrUbApE website	############# 
2017-07-23 11:58:32,631 INFO  [NewTest] ########	Clicked on Login Button	############# 
2017-07-23 11:58:39,190 INFO  [NewTest] ########	Clicked on Logout Button	############# 
2017-07-23 11:59:19,308 INFO  [NewTest] ########	Browser Open	############# 
2017-07-23 11:59:22,450 INFO  [NewTest] ########	Navigate to http://www.demo.guru99.com/V4/ website	############# 
2017-07-23 11:59:22,558 INFO  [NewTest] ########	Enter UserName as mngr86807 website	############# 
2017-07-23 11:59:22,611 INFO  [NewTest] ########	Enter UserName as UrUbApE website	############# 
2017-07-23 12:00:55,610 INFO  [NewTest] ########	Browser Open	############# 
2017-07-23 12:00:57,902 INFO  [NewTest] ########	Navigate to http://www.demo.guru99.com/V4/ website	############# 
2017-07-23 12:00:58,010 INFO  [NewTest] ########	Enter UserName as mngr86807 website	############# 
2017-07-23 12:00:58,067 INFO  [NewTest] ########	Enter UserName as UrUbApE website	############# 
2017-07-23 12:01:03,159 INFO  [NewTest] ########	Clicked on Login Button	############# 
2017-07-23 12:01:08,280 INFO  [NewTest] ########	Clicked on Logout Button	############# 
2017-07-23 12:10:33,522 INFO  [NewTest] ########	Browser Open	############# 
2017-07-23 12:10:36,198 INFO  [NewTest] ########	Navigate to http://www.demo.guru99.com/V4/ website	############# 
2017-07-23 12:10:36,287 INFO  [NewTest] ########	Enter UserName as mngr86807 website	############# 
2017-07-23 12:10:36,342 INFO  [NewTest] ########	Enter UserName as UrUbApE website	############# 
2017-07-23 12:10:41,418 INFO  [NewTest] ########	Clicked on Login Button	############# 
2017-07-23 12:10:46,540 INFO  [NewTest] ########	Clicked on Logout Button	############# 
2017-07-23 12:11:39,423 INFO  [NewTest] ########	Browser Open	############# 
2017-07-23 12:11:41,446 INFO  [NewTest] ########	Navigate to http://www.demo.guru99.com/V4/ website	############# 
2017-07-23 12:11:41,538 INFO  [NewTest] ########	Enter UserName as mngr86807 website	############# 
2017-07-23 12:11:41,594 INFO  [NewTest] ########	Enter UserName as UrUbApE website	############# 
2017-07-23 12:11:46,682 INFO  [NewTest] ########	Clicked on Login Button	############# 
2017-07-23 12:11:51,771 INFO  [NewTest] ########	Clicked on Logout Button	############# 
2017-07-23 12:13:38,269 INFO  [NewTest] ########	Browser Open	############# 
2017-07-23 12:13:41,116 INFO  [NewTest] ########	Navigate to http:\\www.demo.guru99.com\V4\ website	############# 
2017-07-23 12:13:41,374 INFO  [NewTest] ########	Enter UserName as mngr86807 website	############# 
2017-07-23 12:13:41,467 INFO  [NewTest] ########	Enter UserName as UrUbApE website	############# 
2017-07-23 12:13:54,615 INFO  [NewTest] ########	Clicked on Login Button	############# 
2017-07-23 12:14:00,724 INFO  [NewTest] ########	Clicked on Logout Button	############# 
2017-07-23 12:15:34,529 INFO  [NewTest] ########	Browser Open	############# 
2017-07-23 12:15:37,345 INFO  [NewTest] ########	Navigate to http:\\www.demo.guru99.com\V4\ website	############# 
2017-07-23 12:15:37,434 INFO  [NewTest] ########	Enter UserName as mngr86807 website	############# 
2017-07-23 12:15:37,492 INFO  [NewTest] ########	Enter UserName as UrUbApE website	############# 
2017-07-23 12:15:47,619 INFO  [NewTest] ########	Clicked on Login Button	############# 
2017-07-23 12:15:52,780 INFO  [NewTest] ########	Clicked on Logout Button	############# 
2017-07-23 12:23:03,315 INFO  [NewTest] ########	Browser Open	############# 
2017-07-23 12:23:07,223 INFO  [NewTest] ########	Navigate to http:\\www.demo.guru99.com\V4\ website	############# 
2017-07-23 12:23:07,464 INFO  [NewTest] ########	Enter UserName as mngr86807 website	############# 
2017-07-23 12:23:07,526 INFO  [NewTest] ########	Enter UserName as UrUbApE website	############# 
2017-07-23 12:23:17,695 INFO  [NewTest] ########	Clicked on Login Button	############# 
2017-07-23 12:23:22,809 INFO  [NewTest] ########	Clicked on Logout Button	############# 
2017-07-23 12:24:07,027 INFO  [NewTest] ########	Browser Open	############# 
2017-07-23 12:24:10,908 INFO  [NewTest] ########	Navigate to http:\\www.demo.guru99.com\V4\ website	############# 
2017-07-23 12:24:11,062 INFO  [NewTest] ########	Enter UserName as mngr86807 website	############# 
2017-07-23 12:24:11,122 INFO  [NewTest] ########	Enter UserName as UrUbApE website	############# 
2017-07-23 12:24:21,289 INFO  [NewTest] ########	Clicked on Login Button	############# 
2017-07-23 12:24:26,428 INFO  [NewTest] ########	Clicked on Logout Button	############# 
2017-07-23 12:25:38,993 INFO  [NewTest] ########	Browser Open	############# 
2017-07-23 12:31:20,869 INFO  [NewTest] ########	Browser Open	############# 
2017-07-23 12:31:23,582 INFO  [NewTest] ########	Navigate to http:\\www.demo.guru99.com\V4\ website	############# 
2017-07-23 12:31:23,763 INFO  [NewTest] ########	Enter UserName as mngr86807 website	############# 
2017-07-23 12:31:23,909 INFO  [NewTest] ########	Enter UserName as UrUbApE website	############# 
2017-07-23 12:31:35,260 INFO  [NewTest] ########	Clicked on Login Button	############# 
2017-07-23 12:31:41,593 INFO  [NewTest] ########	Clicked on Logout Button	############# 
2017-07-23 12:33:46,194 INFO  [NewTest] ########	Browser Open	############# 
2017-07-23 12:33:50,558 INFO  [NewTest] ########	Navigate to http:\\www.demo.guru99.com\V4\ website	############# 
2017-07-23 12:33:50,705 INFO  [NewTest] ########	Enter UserName as mngr86807 website	############# 
2017-07-23 12:33:50,813 INFO  [NewTest] ########	Enter UserName as UrUbApE website	############# 
2017-07-23 12:34:02,380 INFO  [NewTest] ########	Clicked on Login Button	############# 
2017-07-23 12:34:08,642 INFO  [NewTest] ########	Clicked on Logout Button	############# 
2017-07-23 12:36:03,471 INFO  [NewTest] ########	Browser Open	############# 
2017-07-23 12:36:06,291 INFO  [NewTest] ########	Navigate to http:\\www.demo.guru99.com\V4\ website	############# 
2017-07-23 12:36:06,501 INFO  [NewTest] ########	Enter UserName as mngr86807 website	############# 
2017-07-23 12:36:06,676 INFO  [NewTest] ########	Enter UserName as UrUbApE website	############# 
2017-07-23 12:36:18,377 INFO  [NewTest] ########	Clicked on Login Button	############# 
2017-07-23 12:36:26,152 INFO  [NewTest] ########	Clicked on Logout Button	############# 
2017-07-23 12:43:21,920 INFO  [NewTest] ########	Browser Open	############# 
2017-07-23 12:43:25,145 INFO  [NewTest] ########	Navigate to http:\\www.demo.guru99.com\V4\ website	############# 
2017-07-23 12:43:25,270 INFO  [NewTest] ########	Enter UserName as mngr86807 website	############# 
2017-07-23 12:43:25,372 INFO  [NewTest] ########	Enter UserName as UrUbApE website	############# 
2017-07-23 12:43:40,618 INFO  [NewTest] ########	Clicked on Login Button	############# 
2017-07-23 12:43:48,408 INFO  [NewTest] ########	Clicked on Logout Button	############# 
2017-07-23 12:50:46,325 INFO  [NewTest] ########	Browser Open	############# 
2017-07-23 12:50:49,295 INFO  [NewTest] ########	Navigate to http:\\www.demo.guru99.com\V4\ website	############# 
2017-07-23 12:50:51,599 INFO  [NewTest] ########	Browser Open	############# 
2017-07-23 12:50:54,469 INFO  [NewTest] ########	Navigate to http://www.demo.guru99.com/V4/ website	############# 
2017-07-23 12:50:54,666 INFO  [NewTest] ########	Enter UserName as mngr86807 website	############# 
2017-07-23 12:50:54,761 INFO  [NewTest] ########	Enter UserName as UrUbApE website	############# 
2017-07-23 12:51:00,679 INFO  [NewTest] ########	Clicked on Login Button	############# 
2017-07-23 12:51:06,674 INFO  [NewTest] ########	Clicked on Logout Button	############# 
2017-07-23 12:51:08,229 INFO  [NewTest] ########	Enter UserName as mngr86807 website	############# 
2017-07-23 12:51:08,309 INFO  [NewTest] ########	Enter UserName as UrUbApE website	############# 
2017-07-23 12:51:15,086 INFO  [NewTest] ########	Clicked on Login Button	############# 
2017-07-23 12:51:21,217 INFO  [NewTest] ########	Clicked on Logout Button	############# 
2017-07-23 12:51:23,298 INFO  [NewTest] ########	Browser Open	############# 
2017-07-23 12:51:26,158 INFO  [NewTest] ########	Navigate to http:\\www.demo.guru99.com\V4\ website	############# 
2017-07-23 12:51:26,288 INFO  [NewTest] ########	Enter UserName as mngr86807 website	############# 
2017-07-23 12:51:26,378 INFO  [NewTest] ########	Enter UserName as UrUbApE website	############# 
2017-07-23 12:51:37,608 INFO  [NewTest] ########	Clicked on Login Button	############# 
2017-07-23 12:51:43,848 INFO  [NewTest] ########	Clicked on Logout Button	############# 
2017-07-23 12:56:21,888 INFO  [NewTest] ########	Browser Open	############# 
2017-07-23 12:56:24,520 INFO  [NewTest] ########	Navigate to http:\\www.demo.guru99.com\V4\ website	############# 
2017-07-23 12:56:26,556 INFO  [NewTest] ########	Browser Open	############# 
2017-07-23 12:56:29,099 INFO  [NewTest] ########	Navigate to http://www.demo.guru99.com/V4/ website	############# 
2017-07-23 12:56:29,241 INFO  [NewTest] ########	Enter UserName as mngr86807 website	############# 
2017-07-23 12:56:29,349 INFO  [NewTest] ########	Enter UserName as UrUbApE website	############# 
2017-07-23 12:56:35,356 INFO  [NewTest] ########	Clicked on Login Button	############# 
2017-07-23 12:56:41,299 INFO  [NewTest] ########	Clicked on Logout Button	############# 
2017-07-23 12:56:42,954 INFO  [NewTest] ########	Enter UserName as mngr86807 website	############# 
2017-07-23 12:56:43,044 INFO  [NewTest] ########	Enter UserName as UrUbApE website	############# 
2017-07-23 12:56:49,689 INFO  [NewTest] ########	Clicked on Login Button	############# 
2017-07-23 12:56:55,629 INFO  [NewTest] ########	Clicked on Logout Button	############# 
2017-07-23 12:56:57,688 INFO  [NewTest] ########	Browser Open	############# 
2017-07-23 12:57:00,388 INFO  [NewTest] ########	Navigate to http:\\www.demo.guru99.com\V4\ website	############# 
2017-07-23 12:57:00,528 INFO  [NewTest] ########	Enter UserName as mngr86807 website	############# 
2017-07-23 12:57:00,620 INFO  [NewTest] ########	Enter UserName as UrUbApE website	############# 
2017-07-23 12:57:11,885 INFO  [NewTest] ########	Clicked on Login Button	############# 
2017-07-23 12:57:18,228 INFO  [NewTest] ########	Clicked on Logout Button	############# 
2017-07-23 13:00:43,218 INFO  [NewTest] ########	Browser Open	############# 
2017-07-23 13:00:45,695 INFO  [NewTest] ########	Navigate to http:\\www.demo.guru99.com\V4\ website	############# 
2017-07-23 13:00:47,694 INFO  [NewTest] ########	Browser Open	############# 
2017-07-23 13:00:50,197 INFO  [NewTest] ########	Navigate to http://www.demo.guru99.com/V4/ website	############# 
2017-07-23 13:00:50,355 INFO  [NewTest] ########	Enter UserName as mngr86807 website	############# 
2017-07-23 13:00:50,460 INFO  [NewTest] ########	Enter UserName as UrUbApE website	############# 
2017-07-23 13:00:56,355 INFO  [NewTest] ########	Clicked on Login Button	############# 
2017-07-23 13:01:02,317 INFO  [NewTest] ########	Clicked on Logout Button	############# 
2017-07-23 13:01:03,707 INFO  [NewTest] ########	Enter UserName as mngr86807 website	############# 
2017-07-23 13:01:03,792 INFO  [NewTest] ########	Enter UserName as UrUbApE website	############# 
2017-07-23 13:01:10,175 INFO  [NewTest] ########	Clicked on Login Button	############# 
2017-07-23 13:01:16,122 INFO  [NewTest] ########	Clicked on Logout Button	############# 
2017-07-23 13:01:18,192 INFO  [NewTest] ########	Browser Open	############# 
2017-07-23 13:01:20,755 INFO  [NewTest] ########	Navigate to http:\\www.demo.guru99.com\V4\ website	############# 
2017-07-23 13:01:20,903 INFO  [NewTest] ########	Enter UserName as mngr86807 website	############# 
2017-07-23 13:01:21,023 INFO  [NewTest] ########	Enter UserName as UrUbApE website	############# 
2017-07-23 13:01:33,925 INFO  [NewTest] ########	Clicked on Login Button	############# 
2017-07-23 13:01:41,253 INFO  [NewTest] ########	Clicked on Logout Button	############# 
2017-07-23 13:29:55,466 INFO  [NewTest] ########	Browser Open	############# 
2017-07-23 13:29:58,173 INFO  [NewTest] ########	Navigate to http:\\www.demo.guru99.com\V4\ website	############# 
2017-07-23 13:30:00,254 INFO  [NewTest] ########	Browser Open	############# 
2017-07-23 13:30:03,026 INFO  [NewTest] ########	Navigate to http://www.demo.guru99.com/V4/ website	############# 
2017-07-23 13:30:03,139 INFO  [NewTest] ########	Enter UserName as mngr86807 website	############# 
2017-07-23 13:30:03,216 INFO  [NewTest] ########	Enter UserName as UrUbApE website	############# 
2017-07-23 13:30:11,539 INFO  [NewTest] ########	Clicked on Login Button	############# 
2017-07-23 13:30:17,922 INFO  [NewTest] ########	Clicked on Logout Button	############# 
2017-07-23 13:30:19,367 INFO  [NewTest] ########	Enter UserName as mngr86807 website	############# 
2017-07-23 13:30:19,469 INFO  [NewTest] ########	Enter UserName as UrUbApE website	############# 
2017-07-23 13:30:27,807 INFO  [NewTest] ########	Clicked on Login Button	############# 
2017-07-23 13:30:34,204 INFO  [NewTest] ########	Clicked on Logout Button	############# 
2017-07-23 13:30:36,195 INFO  [NewTest] ########	Browser Open	############# 
2017-07-23 13:30:38,708 INFO  [NewTest] ########	Navigate to http:\\www.demo.guru99.com\V4\ website	############# 
2017-07-23 13:30:38,820 INFO  [NewTest] ########	Enter UserName as mngr86807 website	############# 
2017-07-23 13:30:38,945 INFO  [NewTest] ########	Enter UserName as UrUbApE website	############# 
2017-07-23 13:30:50,693 INFO  [NewTest] ########	Clicked on Login Button	############# 
2017-07-23 13:30:57,021 INFO  [NewTest] ########	Clicked on Logout Button	############# 
